22:08:51 debug: 2025/7/8下午10:08:51
22:08:51 debug: Project: E:\skynet_game_server\skynet_black\client
22:08:51 debug: Targets: editor,preview
22:08:51 debug: Packer deriver version file lost or format incorrect: Error: ENOENT: no such file or directory, open 'E:\skynet_game_server\skynet_black\client\temp\programming\packer-driver\VERSION'
22:08:51 debug: Clearing out the targets...
22:08:51 debug: Engine path: C:\ProgramData\cocos\editors\Creator\3.8.4\resources\resources\3d\engine
22:08:51 debug: Initializing target [Editor]
22:08:51 debug: Loading cache
22:08:51 debug: Record file loaded failed with error: Error: ENOENT: no such file or directory, open 'E:\skynet_game_server\skynet_black\client\temp\programming\packer-driver\targets\editor\main-record.json'
22:08:51 debug: Loading cache costs 0.3692999999038875ms.
22:08:51 debug: Engine features shipped in editor: base,gfx-webgl,gfx-webgl2,gfx-empty,gfx-webgpu,3d,animation,skeletal-animation,2d,ui,particle,particle-2d,physics-framework,physics-2d-framework,physics-2d-box2d-wasm,intersection-2d,primitive,profiler,occlusion-query,geometry-renderer,debug-renderer,audio,video,xr,light-probe,terrain,webview,tween,tiled-map,spine,dragon-bones,marionette,procedural-animation,custom-pipeline,custom-pipeline-builtin-scripts,custom-pipeline-post-process,legacy-pipeline,websocket,websocket-server,meshopt
22:08:51 debug: Our import map(foo:/bar): {
  "imports": {
    "cc": "cce:/internal/x/cc"
  }
}
22:08:51 debug: Initializing target [Preview]
22:08:51 debug: Loading cache
22:08:51 debug: Record file loaded failed with error: Error: ENOENT: no such file or directory, open 'E:\skynet_game_server\skynet_black\client\temp\programming\packer-driver\targets\preview\main-record.json'
22:08:51 debug: Loading cache costs 0.3425000000279397ms.
22:08:51 debug: Our import map(foo:/bar): {
  "imports": {
    "cc": "cce:/internal/x/cc"
  }
}
22:08:51 debug: Sync engine features: 2d,3d,animation,audio,base,custom-pipeline,dragon-bones,gfx-webgl,intersection-2d,light-probe,marionette,particle,particle-2d,physics-2d-box2d,physics-ammo,primitive,profiler,skeletal-animation,spine,terrain,tiled-map,tween,ui,video,websocket,webview
22:08:51 debug: Reset databases. Enumerated domains: [
  {
    "root": "db://internal/",
    "physical": "C:\\ProgramData\\cocos\\editors\\Creator\\3.8.4\\resources\\resources\\3d\\engine\\editor\\assets"
  },
  {
    "root": "db://assets/",
    "physical": "E:\\skynet_game_server\\skynet_black\\client\\assets"
  }
]
22:08:51 debug: Our import map(foo:/bar): {
  "imports": {
    "cc": "cce:/internal/x/cc",
    "db://internal/": "file:///C:/ProgramData/cocos/editors/Creator/3.8.4/resources/resources/3d/engine/editor/assets/",
    "db://assets/": "file:///E:/skynet_game_server/skynet_black/client/assets/"
  }
}
22:08:51 debug: Our import map(foo:/bar): {
  "imports": {
    "cc": "cce:/internal/x/cc",
    "db://internal/": "file:///C:/ProgramData/cocos/editors/Creator/3.8.4/resources/resources/3d/engine/editor/assets/",
    "db://assets/": "file:///E:/skynet_game_server/skynet_black/client/assets/"
  }
}
22:08:51 debug: Pulling asset-db.
22:08:51 debug: Fetch asset-db cost: 6.012600000016391ms.
22:08:51 debug: Build iteration starts.
Number of accumulated asset changes: 12
Feature changed: false
22:08:51 debug: Target(editor) build started.
22:08:51 debug: Inspect cce:/internal/x/cc
22:08:51 debug: Resolve cce:/internal/x/cc-fu/base from cce:/internal/x/cc as external dependency cce:/internal/x/cc-fu/base.
22:08:51 debug: Resolve cce:/internal/x/cc-fu/gfx-webgl from cce:/internal/x/cc as external dependency cce:/internal/x/cc-fu/gfx-webgl.
22:08:51 debug: Resolve cce:/internal/x/cc-fu/gfx-webgl2 from cce:/internal/x/cc as external dependency cce:/internal/x/cc-fu/gfx-webgl2.
22:08:51 debug: Resolve cce:/internal/x/cc-fu/gfx-empty from cce:/internal/x/cc as external dependency cce:/internal/x/cc-fu/gfx-empty.
22:08:51 debug: Resolve cce:/internal/x/cc-fu/gfx-webgpu from cce:/internal/x/cc as external dependency cce:/internal/x/cc-fu/gfx-webgpu.
22:08:51 debug: Resolve cce:/internal/x/cc-fu/3d from cce:/internal/x/cc as external dependency cce:/internal/x/cc-fu/3d.
22:08:51 debug: Resolve cce:/internal/x/cc-fu/animation from cce:/internal/x/cc as external dependency cce:/internal/x/cc-fu/animation.
22:08:51 debug: Resolve cce:/internal/x/cc-fu/skeletal-animation from cce:/internal/x/cc as external dependency cce:/internal/x/cc-fu/skeletal-animation.
22:08:51 debug: Resolve cce:/internal/x/cc-fu/2d from cce:/internal/x/cc as external dependency cce:/internal/x/cc-fu/2d.
22:08:51 debug: Resolve cce:/internal/x/cc-fu/sorting from cce:/internal/x/cc as external dependency cce:/internal/x/cc-fu/sorting.
22:08:51 debug: Resolve cce:/internal/x/cc-fu/ui from cce:/internal/x/cc as external dependency cce:/internal/x/cc-fu/ui.
22:08:51 debug: Resolve cce:/internal/x/cc-fu/particle from cce:/internal/x/cc as external dependency cce:/internal/x/cc-fu/particle.
22:08:51 debug: Resolve cce:/internal/x/cc-fu/particle-2d from cce:/internal/x/cc as external dependency cce:/internal/x/cc-fu/particle-2d.
22:08:51 debug: Resolve cce:/internal/x/cc-fu/physics-framework from cce:/internal/x/cc as external dependency cce:/internal/x/cc-fu/physics-framework.
22:08:51 debug: Resolve cce:/internal/x/cc-fu/physics-2d-framework from cce:/internal/x/cc as external dependency cce:/internal/x/cc-fu/physics-2d-framework.
22:08:51 debug: Resolve cce:/internal/x/cc-fu/physics-2d-box2d-wasm from cce:/internal/x/cc as external dependency cce:/internal/x/cc-fu/physics-2d-box2d-wasm.
22:08:51 debug: Resolve cce:/internal/x/cc-fu/intersection-2d from cce:/internal/x/cc as external dependency cce:/internal/x/cc-fu/intersection-2d.
22:08:51 debug: Resolve cce:/internal/x/cc-fu/primitive from cce:/internal/x/cc as external dependency cce:/internal/x/cc-fu/primitive.
22:08:51 debug: Resolve cce:/internal/x/cc-fu/profiler from cce:/internal/x/cc as external dependency cce:/internal/x/cc-fu/profiler.
22:08:51 debug: Resolve cce:/internal/x/cc-fu/geometry-renderer from cce:/internal/x/cc as external dependency cce:/internal/x/cc-fu/geometry-renderer.
22:08:51 debug: Resolve cce:/internal/x/cc-fu/audio from cce:/internal/x/cc as external dependency cce:/internal/x/cc-fu/audio.
22:08:51 debug: Resolve cce:/internal/x/cc-fu/video from cce:/internal/x/cc as external dependency cce:/internal/x/cc-fu/video.
22:08:51 debug: Resolve cce:/internal/x/cc-fu/xr from cce:/internal/x/cc as external dependency cce:/internal/x/cc-fu/xr.
22:08:51 debug: Resolve cce:/internal/x/cc-fu/light-probe from cce:/internal/x/cc as external dependency cce:/internal/x/cc-fu/light-probe.
22:08:51 debug: Resolve cce:/internal/x/cc-fu/terrain from cce:/internal/x/cc as external dependency cce:/internal/x/cc-fu/terrain.
22:08:51 debug: Resolve cce:/internal/x/cc-fu/webview from cce:/internal/x/cc as external dependency cce:/internal/x/cc-fu/webview.
22:08:51 debug: Resolve cce:/internal/x/cc-fu/tween from cce:/internal/x/cc as external dependency cce:/internal/x/cc-fu/tween.
22:08:51 debug: Resolve cce:/internal/x/cc-fu/tiled-map from cce:/internal/x/cc as external dependency cce:/internal/x/cc-fu/tiled-map.
22:08:51 debug: Resolve cce:/internal/x/cc-fu/spine from cce:/internal/x/cc as external dependency cce:/internal/x/cc-fu/spine.
22:08:51 debug: Resolve cce:/internal/x/cc-fu/dragon-bones from cce:/internal/x/cc as external dependency cce:/internal/x/cc-fu/dragon-bones.
22:08:51 debug: Resolve cce:/internal/x/cc-fu/custom-pipeline from cce:/internal/x/cc as external dependency cce:/internal/x/cc-fu/custom-pipeline.
22:08:51 debug: Resolve cce:/internal/x/cc-fu/custom-pipeline-post-process from cce:/internal/x/cc as external dependency cce:/internal/x/cc-fu/custom-pipeline-post-process.
22:08:51 debug: Resolve cce:/internal/x/cc-fu/legacy-pipeline from cce:/internal/x/cc as external dependency cce:/internal/x/cc-fu/legacy-pipeline.
22:08:51 debug: Inspect cce:/internal/x/prerequisite-imports
22:08:51 debug: Resolve file:///C:/ProgramData/cocos/editors/Creator/3.8.4/resources/resources/3d/engine/editor/assets/default_renderpipeline/builtin-pipeline-settings.ts from cce:/internal/x/prerequisite-imports as file:///C:/ProgramData/cocos/editors/Creator/3.8.4/resources/resources/3d/engine/editor/assets/default_renderpipeline/builtin-pipeline-settings.ts.
22:08:51 debug: Inspect file:///C:/ProgramData/cocos/editors/Creator/3.8.4/resources/resources/3d/engine/editor/assets/default_renderpipeline/builtin-pipeline-settings.ts
22:08:51 debug: Resolve cce:/internal/code-quality/cr.mjs from file:///C:/ProgramData/cocos/editors/Creator/3.8.4/resources/resources/3d/engine/editor/assets/default_renderpipeline/builtin-pipeline-settings.ts as cce:/internal/code-quality/cr.mjs.
22:08:51 debug: Inspect cce:/internal/code-quality/cr.mjs
22:08:51 debug: Resolve cc from file:///C:/ProgramData/cocos/editors/Creator/3.8.4/resources/resources/3d/engine/editor/assets/default_renderpipeline/builtin-pipeline-settings.ts as cce:/internal/x/cc.
22:08:51 debug: Resolve cc from file:///C:/ProgramData/cocos/editors/Creator/3.8.4/resources/resources/3d/engine/editor/assets/default_renderpipeline/builtin-pipeline-settings.ts as cce:/internal/x/cc.
22:08:51 debug: Resolve cc from file:///C:/ProgramData/cocos/editors/Creator/3.8.4/resources/resources/3d/engine/editor/assets/default_renderpipeline/builtin-pipeline-settings.ts as cce:/internal/x/cc.
22:08:51 debug: Resolve cc/env from file:///C:/ProgramData/cocos/editors/Creator/3.8.4/resources/resources/3d/engine/editor/assets/default_renderpipeline/builtin-pipeline-settings.ts as external dependency cc/env.
22:08:51 debug: Resolve ./builtin-pipeline-types from file:///C:/ProgramData/cocos/editors/Creator/3.8.4/resources/resources/3d/engine/editor/assets/default_renderpipeline/builtin-pipeline-settings.ts as file:///C:/ProgramData/cocos/editors/Creator/3.8.4/resources/resources/3d/engine/editor/assets/default_renderpipeline/builtin-pipeline-types.ts.
22:08:51 debug: Inspect file:///C:/ProgramData/cocos/editors/Creator/3.8.4/resources/resources/3d/engine/editor/assets/default_renderpipeline/builtin-pipeline-types.ts
22:08:51 debug: Resolve cc from file:///C:/ProgramData/cocos/editors/Creator/3.8.4/resources/resources/3d/engine/editor/assets/default_renderpipeline/builtin-pipeline-types.ts as cce:/internal/x/cc.
22:08:51 debug: Resolve cc from file:///C:/ProgramData/cocos/editors/Creator/3.8.4/resources/resources/3d/engine/editor/assets/default_renderpipeline/builtin-pipeline-types.ts as cce:/internal/x/cc.
22:08:51 debug: Resolve cc from file:///C:/ProgramData/cocos/editors/Creator/3.8.4/resources/resources/3d/engine/editor/assets/default_renderpipeline/builtin-pipeline-types.ts as cce:/internal/x/cc.
22:08:51 debug: Resolve file:///C:/ProgramData/cocos/editors/Creator/3.8.4/resources/resources/3d/engine/editor/assets/default_renderpipeline/builtin-pipeline-types.ts from cce:/internal/x/prerequisite-imports as file:///C:/ProgramData/cocos/editors/Creator/3.8.4/resources/resources/3d/engine/editor/assets/default_renderpipeline/builtin-pipeline-types.ts.
22:08:51 debug: Resolve file:///C:/ProgramData/cocos/editors/Creator/3.8.4/resources/resources/3d/engine/editor/assets/default_renderpipeline/builtin-pipeline.ts from cce:/internal/x/prerequisite-imports as file:///C:/ProgramData/cocos/editors/Creator/3.8.4/resources/resources/3d/engine/editor/assets/default_renderpipeline/builtin-pipeline.ts.
22:08:51 debug: Inspect file:///C:/ProgramData/cocos/editors/Creator/3.8.4/resources/resources/3d/engine/editor/assets/default_renderpipeline/builtin-pipeline.ts
22:08:51 debug: Resolve cce:/internal/code-quality/cr.mjs from file:///C:/ProgramData/cocos/editors/Creator/3.8.4/resources/resources/3d/engine/editor/assets/default_renderpipeline/builtin-pipeline.ts as cce:/internal/code-quality/cr.mjs.
22:08:51 debug: Resolve cc from file:///C:/ProgramData/cocos/editors/Creator/3.8.4/resources/resources/3d/engine/editor/assets/default_renderpipeline/builtin-pipeline.ts as cce:/internal/x/cc.
22:08:51 debug: Resolve cc from file:///C:/ProgramData/cocos/editors/Creator/3.8.4/resources/resources/3d/engine/editor/assets/default_renderpipeline/builtin-pipeline.ts as cce:/internal/x/cc.
22:08:51 debug: Resolve cc/env from file:///C:/ProgramData/cocos/editors/Creator/3.8.4/resources/resources/3d/engine/editor/assets/default_renderpipeline/builtin-pipeline.ts as external dependency cc/env.
22:08:51 debug: Resolve cc from file:///C:/ProgramData/cocos/editors/Creator/3.8.4/resources/resources/3d/engine/editor/assets/default_renderpipeline/builtin-pipeline.ts as cce:/internal/x/cc.
22:08:51 debug: Resolve ./builtin-pipeline-types from file:///C:/ProgramData/cocos/editors/Creator/3.8.4/resources/resources/3d/engine/editor/assets/default_renderpipeline/builtin-pipeline.ts as file:///C:/ProgramData/cocos/editors/Creator/3.8.4/resources/resources/3d/engine/editor/assets/default_renderpipeline/builtin-pipeline-types.ts.
22:08:51 debug: Resolve file:///C:/ProgramData/cocos/editors/Creator/3.8.4/resources/resources/3d/engine/editor/assets/tools/debug-view-runtime-control.ts from cce:/internal/x/prerequisite-imports as file:///C:/ProgramData/cocos/editors/Creator/3.8.4/resources/resources/3d/engine/editor/assets/tools/debug-view-runtime-control.ts.
22:08:51 debug: Inspect file:///C:/ProgramData/cocos/editors/Creator/3.8.4/resources/resources/3d/engine/editor/assets/tools/debug-view-runtime-control.ts
22:08:52 debug: Resolve cc from file:///C:/ProgramData/cocos/editors/Creator/3.8.4/resources/resources/3d/engine/editor/assets/tools/debug-view-runtime-control.ts as cce:/internal/x/cc.
22:08:52 debug: Resolve cc from file:///C:/ProgramData/cocos/editors/Creator/3.8.4/resources/resources/3d/engine/editor/assets/tools/debug-view-runtime-control.ts as cce:/internal/x/cc.
22:08:52 debug: Resolve cc from file:///C:/ProgramData/cocos/editors/Creator/3.8.4/resources/resources/3d/engine/editor/assets/tools/debug-view-runtime-control.ts as cce:/internal/x/cc.
22:08:52 debug: Resolve file:///E:/skynet_game_server/skynet_black/client/assets/scripts/GameApp.ts from cce:/internal/x/prerequisite-imports as file:///E:/skynet_game_server/skynet_black/client/assets/scripts/GameApp.ts.
22:08:52 debug: Inspect file:///E:/skynet_game_server/skynet_black/client/assets/scripts/GameApp.ts
22:08:52 debug: Resolve cce:/internal/code-quality/cr.mjs from file:///E:/skynet_game_server/skynet_black/client/assets/scripts/GameApp.ts as cce:/internal/code-quality/cr.mjs.
22:08:52 debug: Resolve cc from file:///E:/skynet_game_server/skynet_black/client/assets/scripts/GameApp.ts as cce:/internal/x/cc.
22:08:52 debug: Resolve cc from file:///E:/skynet_game_server/skynet_black/client/assets/scripts/GameApp.ts as cce:/internal/x/cc.
22:08:52 debug: Resolve cc from file:///E:/skynet_game_server/skynet_black/client/assets/scripts/GameApp.ts as cce:/internal/x/cc.
22:08:52 debug: Resolve ./network/NetworkManager from file:///E:/skynet_game_server/skynet_black/client/assets/scripts/GameApp.ts as file:///E:/skynet_game_server/skynet_black/client/assets/scripts/network/NetworkManager.ts.
22:08:52 debug: Inspect file:///E:/skynet_game_server/skynet_black/client/assets/scripts/network/NetworkManager.ts
22:08:52 debug: Resolve cce:/internal/code-quality/cr.mjs from file:///E:/skynet_game_server/skynet_black/client/assets/scripts/network/NetworkManager.ts as cce:/internal/code-quality/cr.mjs.
22:08:52 debug: Resolve cc from file:///E:/skynet_game_server/skynet_black/client/assets/scripts/network/NetworkManager.ts as cce:/internal/x/cc.
22:08:52 debug: Resolve cc from file:///E:/skynet_game_server/skynet_black/client/assets/scripts/network/NetworkManager.ts as cce:/internal/x/cc.
22:08:52 debug: Resolve cc from file:///E:/skynet_game_server/skynet_black/client/assets/scripts/network/NetworkManager.ts as cce:/internal/x/cc.
22:08:52 debug: Failed to resolve '../protocol/ProtocolManager' from 'file:///E:/skynet_game_server/skynet_black/client/assets/scripts/network/NetworkManager.ts'(module type: esm). Reason: Error: 以 file:///E:/skynet_game_server/skynet_black/client/assets/scripts/network/NetworkManager.ts 为起点找不到模块 "../protocol/ProtocolManager"
22:08:52 debug: Resolve ../managers/EventManager from file:///E:/skynet_game_server/skynet_black/client/assets/scripts/network/NetworkManager.ts as file:///E:/skynet_game_server/skynet_black/client/assets/scripts/managers/EventManager.ts.
22:08:52 debug: Inspect file:///E:/skynet_game_server/skynet_black/client/assets/scripts/managers/EventManager.ts
22:08:52 debug: Resolve cc from file:///E:/skynet_game_server/skynet_black/client/assets/scripts/managers/EventManager.ts as cce:/internal/x/cc.
22:08:52 debug: Resolve cc from file:///E:/skynet_game_server/skynet_black/client/assets/scripts/managers/EventManager.ts as cce:/internal/x/cc.
22:08:52 debug: Resolve cc from file:///E:/skynet_game_server/skynet_black/client/assets/scripts/managers/EventManager.ts as cce:/internal/x/cc.
22:08:52 debug: Resolve ./managers/EventManager from file:///E:/skynet_game_server/skynet_black/client/assets/scripts/GameApp.ts as file:///E:/skynet_game_server/skynet_black/client/assets/scripts/managers/EventManager.ts.
22:08:52 debug: Resolve ./managers/GameDataManager from file:///E:/skynet_game_server/skynet_black/client/assets/scripts/GameApp.ts as file:///E:/skynet_game_server/skynet_black/client/assets/scripts/managers/GameDataManager.ts.
22:08:52 debug: Inspect file:///E:/skynet_game_server/skynet_black/client/assets/scripts/managers/GameDataManager.ts
22:08:52 debug: Resolve cce:/internal/code-quality/cr.mjs from file:///E:/skynet_game_server/skynet_black/client/assets/scripts/managers/GameDataManager.ts as cce:/internal/code-quality/cr.mjs.
22:08:52 debug: Resolve cc from file:///E:/skynet_game_server/skynet_black/client/assets/scripts/managers/GameDataManager.ts as cce:/internal/x/cc.
22:08:52 debug: Resolve cc from file:///E:/skynet_game_server/skynet_black/client/assets/scripts/managers/GameDataManager.ts as cce:/internal/x/cc.
22:08:52 debug: Resolve cc from file:///E:/skynet_game_server/skynet_black/client/assets/scripts/managers/GameDataManager.ts as cce:/internal/x/cc.
22:08:52 debug: Resolve ./EventManager from file:///E:/skynet_game_server/skynet_black/client/assets/scripts/managers/GameDataManager.ts as file:///E:/skynet_game_server/skynet_black/client/assets/scripts/managers/EventManager.ts.
22:08:52 debug: Resolve ./managers/SceneManager from file:///E:/skynet_game_server/skynet_black/client/assets/scripts/GameApp.ts as file:///E:/skynet_game_server/skynet_black/client/assets/scripts/managers/SceneManager.ts.
22:08:52 debug: Inspect file:///E:/skynet_game_server/skynet_black/client/assets/scripts/managers/SceneManager.ts
22:08:52 debug: Resolve cce:/internal/code-quality/cr.mjs from file:///E:/skynet_game_server/skynet_black/client/assets/scripts/managers/SceneManager.ts as cce:/internal/code-quality/cr.mjs.
22:08:52 debug: Resolve cc from file:///E:/skynet_game_server/skynet_black/client/assets/scripts/managers/SceneManager.ts as cce:/internal/x/cc.
22:08:52 debug: Resolve cc from file:///E:/skynet_game_server/skynet_black/client/assets/scripts/managers/SceneManager.ts as cce:/internal/x/cc.
22:08:52 debug: Resolve cc from file:///E:/skynet_game_server/skynet_black/client/assets/scripts/managers/SceneManager.ts as cce:/internal/x/cc.
22:08:52 debug: Resolve ./EventManager from file:///E:/skynet_game_server/skynet_black/client/assets/scripts/managers/SceneManager.ts as file:///E:/skynet_game_server/skynet_black/client/assets/scripts/managers/EventManager.ts.
22:08:52 debug: Resolve file:///E:/skynet_game_server/skynet_black/client/assets/scripts/managers/EventManager.ts from cce:/internal/x/prerequisite-imports as file:///E:/skynet_game_server/skynet_black/client/assets/scripts/managers/EventManager.ts.
22:08:52 debug: Resolve file:///E:/skynet_game_server/skynet_black/client/assets/scripts/managers/GameDataManager.ts from cce:/internal/x/prerequisite-imports as file:///E:/skynet_game_server/skynet_black/client/assets/scripts/managers/GameDataManager.ts.
22:08:52 debug: Resolve file:///E:/skynet_game_server/skynet_black/client/assets/scripts/managers/SceneManager.ts from cce:/internal/x/prerequisite-imports as file:///E:/skynet_game_server/skynet_black/client/assets/scripts/managers/SceneManager.ts.
22:08:52 debug: Resolve file:///E:/skynet_game_server/skynet_black/client/assets/scripts/network/NetworkManager.ts from cce:/internal/x/prerequisite-imports as file:///E:/skynet_game_server/skynet_black/client/assets/scripts/network/NetworkManager.ts.
22:08:52 debug: Resolve file:///E:/skynet_game_server/skynet_black/client/assets/scripts/scenes/GameScene.ts from cce:/internal/x/prerequisite-imports as file:///E:/skynet_game_server/skynet_black/client/assets/scripts/scenes/GameScene.ts.
22:08:52 debug: Inspect file:///E:/skynet_game_server/skynet_black/client/assets/scripts/scenes/GameScene.ts
22:08:52 debug: Resolve cce:/internal/code-quality/cr.mjs from file:///E:/skynet_game_server/skynet_black/client/assets/scripts/scenes/GameScene.ts as cce:/internal/code-quality/cr.mjs.
22:08:52 debug: Resolve cc from file:///E:/skynet_game_server/skynet_black/client/assets/scripts/scenes/GameScene.ts as cce:/internal/x/cc.
22:08:52 debug: Resolve cc from file:///E:/skynet_game_server/skynet_black/client/assets/scripts/scenes/GameScene.ts as cce:/internal/x/cc.
22:08:52 debug: Resolve cc from file:///E:/skynet_game_server/skynet_black/client/assets/scripts/scenes/GameScene.ts as cce:/internal/x/cc.
22:08:52 debug: Resolve ../network/NetworkManager from file:///E:/skynet_game_server/skynet_black/client/assets/scripts/scenes/GameScene.ts as file:///E:/skynet_game_server/skynet_black/client/assets/scripts/network/NetworkManager.ts.
22:08:52 debug: Failed to resolve '../protocol/ProtocolManager' from 'file:///E:/skynet_game_server/skynet_black/client/assets/scripts/scenes/GameScene.ts'(module type: esm). Reason: Error: 以 file:///E:/skynet_game_server/skynet_black/client/assets/scripts/scenes/GameScene.ts 为起点找不到模块 "../protocol/ProtocolManager"
22:08:52 debug: Resolve ../managers/EventManager from file:///E:/skynet_game_server/skynet_black/client/assets/scripts/scenes/GameScene.ts as file:///E:/skynet_game_server/skynet_black/client/assets/scripts/managers/EventManager.ts.
22:08:52 debug: Resolve ../managers/GameDataManager from file:///E:/skynet_game_server/skynet_black/client/assets/scripts/scenes/GameScene.ts as file:///E:/skynet_game_server/skynet_black/client/assets/scripts/managers/GameDataManager.ts.
22:08:52 debug: Resolve ../managers/SceneManager from file:///E:/skynet_game_server/skynet_black/client/assets/scripts/scenes/GameScene.ts as file:///E:/skynet_game_server/skynet_black/client/assets/scripts/managers/SceneManager.ts.
22:08:52 debug: Resolve file:///E:/skynet_game_server/skynet_black/client/assets/scripts/scenes/LoginScene.ts from cce:/internal/x/prerequisite-imports as file:///E:/skynet_game_server/skynet_black/client/assets/scripts/scenes/LoginScene.ts.
22:08:52 debug: Inspect file:///E:/skynet_game_server/skynet_black/client/assets/scripts/scenes/LoginScene.ts
22:08:52 debug: Resolve cce:/internal/code-quality/cr.mjs from file:///E:/skynet_game_server/skynet_black/client/assets/scripts/scenes/LoginScene.ts as cce:/internal/code-quality/cr.mjs.
22:08:52 debug: Resolve cc from file:///E:/skynet_game_server/skynet_black/client/assets/scripts/scenes/LoginScene.ts as cce:/internal/x/cc.
22:08:52 debug: Resolve cc from file:///E:/skynet_game_server/skynet_black/client/assets/scripts/scenes/LoginScene.ts as cce:/internal/x/cc.
22:08:52 debug: Resolve cc from file:///E:/skynet_game_server/skynet_black/client/assets/scripts/scenes/LoginScene.ts as cce:/internal/x/cc.
22:08:52 debug: Resolve ../network/NetworkManager from file:///E:/skynet_game_server/skynet_black/client/assets/scripts/scenes/LoginScene.ts as file:///E:/skynet_game_server/skynet_black/client/assets/scripts/network/NetworkManager.ts.
22:08:52 debug: Failed to resolve '../protocol/ProtocolManager' from 'file:///E:/skynet_game_server/skynet_black/client/assets/scripts/scenes/LoginScene.ts'(module type: esm). Reason: Error: 以 file:///E:/skynet_game_server/skynet_black/client/assets/scripts/scenes/LoginScene.ts 为起点找不到模块 "../protocol/ProtocolManager"
22:08:52 debug: Resolve ../managers/EventManager from file:///E:/skynet_game_server/skynet_black/client/assets/scripts/scenes/LoginScene.ts as file:///E:/skynet_game_server/skynet_black/client/assets/scripts/managers/EventManager.ts.
22:08:52 debug: Resolve ../managers/GameDataManager from file:///E:/skynet_game_server/skynet_black/client/assets/scripts/scenes/LoginScene.ts as file:///E:/skynet_game_server/skynet_black/client/assets/scripts/managers/GameDataManager.ts.
22:08:52 debug: Resolve ../managers/SceneManager from file:///E:/skynet_game_server/skynet_black/client/assets/scripts/scenes/LoginScene.ts as file:///E:/skynet_game_server/skynet_black/client/assets/scripts/managers/SceneManager.ts.
22:08:52 debug: Resolve file:///E:/skynet_game_server/skynet_black/client/assets/scripts/ui/UIManager.ts from cce:/internal/x/prerequisite-imports as file:///E:/skynet_game_server/skynet_black/client/assets/scripts/ui/UIManager.ts.
22:08:52 debug: Inspect file:///E:/skynet_game_server/skynet_black/client/assets/scripts/ui/UIManager.ts
22:08:52 debug: Resolve cce:/internal/code-quality/cr.mjs from file:///E:/skynet_game_server/skynet_black/client/assets/scripts/ui/UIManager.ts as cce:/internal/code-quality/cr.mjs.
22:08:52 debug: Resolve cc from file:///E:/skynet_game_server/skynet_black/client/assets/scripts/ui/UIManager.ts as cce:/internal/x/cc.
22:08:52 debug: Resolve cc from file:///E:/skynet_game_server/skynet_black/client/assets/scripts/ui/UIManager.ts as cce:/internal/x/cc.
22:08:52 debug: Resolve cc from file:///E:/skynet_game_server/skynet_black/client/assets/scripts/ui/UIManager.ts as cce:/internal/x/cc.
22:08:52 debug: Resolve ../managers/EventManager from file:///E:/skynet_game_server/skynet_black/client/assets/scripts/ui/UIManager.ts as file:///E:/skynet_game_server/skynet_black/client/assets/scripts/managers/EventManager.ts.
22:08:52 debug: Target(editor) ends with cost 1712.3349000001326ms.
22:08:52 debug: Target(preview) build started.
22:08:52 debug: Inspect cce:/internal/x/cc
22:08:52 debug: Resolve cce:/internal/x/cc-fu/2d from cce:/internal/x/cc as external dependency cce:/internal/x/cc-fu/2d.
22:08:52 debug: Resolve cce:/internal/x/cc-fu/sorting from cce:/internal/x/cc as external dependency cce:/internal/x/cc-fu/sorting.
22:08:52 debug: Resolve cce:/internal/x/cc-fu/3d from cce:/internal/x/cc as external dependency cce:/internal/x/cc-fu/3d.
22:08:52 debug: Resolve cce:/internal/x/cc-fu/animation from cce:/internal/x/cc as external dependency cce:/internal/x/cc-fu/animation.
22:08:52 debug: Resolve cce:/internal/x/cc-fu/audio from cce:/internal/x/cc as external dependency cce:/internal/x/cc-fu/audio.
22:08:52 debug: Resolve cce:/internal/x/cc-fu/base from cce:/internal/x/cc as external dependency cce:/internal/x/cc-fu/base.
22:08:52 debug: Resolve cce:/internal/x/cc-fu/custom-pipeline from cce:/internal/x/cc as external dependency cce:/internal/x/cc-fu/custom-pipeline.
22:08:52 debug: Resolve cce:/internal/x/cc-fu/dragon-bones from cce:/internal/x/cc as external dependency cce:/internal/x/cc-fu/dragon-bones.
22:08:52 debug: Resolve cce:/internal/x/cc-fu/gfx-webgl from cce:/internal/x/cc as external dependency cce:/internal/x/cc-fu/gfx-webgl.
22:08:52 debug: Resolve cce:/internal/x/cc-fu/intersection-2d from cce:/internal/x/cc as external dependency cce:/internal/x/cc-fu/intersection-2d.
22:08:52 debug: Resolve cce:/internal/x/cc-fu/light-probe from cce:/internal/x/cc as external dependency cce:/internal/x/cc-fu/light-probe.
22:08:52 debug: Resolve cce:/internal/x/cc-fu/particle from cce:/internal/x/cc as external dependency cce:/internal/x/cc-fu/particle.
22:08:52 debug: Resolve cce:/internal/x/cc-fu/particle-2d from cce:/internal/x/cc as external dependency cce:/internal/x/cc-fu/particle-2d.
22:08:52 debug: Resolve cce:/internal/x/cc-fu/physics-2d-box2d from cce:/internal/x/cc as external dependency cce:/internal/x/cc-fu/physics-2d-box2d.
22:08:52 debug: Resolve cce:/internal/x/cc-fu/physics-2d-framework from cce:/internal/x/cc as external dependency cce:/internal/x/cc-fu/physics-2d-framework.
22:08:52 debug: Resolve cce:/internal/x/cc-fu/physics-ammo from cce:/internal/x/cc as external dependency cce:/internal/x/cc-fu/physics-ammo.
22:08:52 debug: Resolve cce:/internal/x/cc-fu/physics-framework from cce:/internal/x/cc as external dependency cce:/internal/x/cc-fu/physics-framework.
22:08:52 debug: Resolve cce:/internal/x/cc-fu/wait-for-ammo-instantiation from cce:/internal/x/cc as external dependency cce:/internal/x/cc-fu/wait-for-ammo-instantiation.
22:08:52 debug: Resolve cce:/internal/x/cc-fu/primitive from cce:/internal/x/cc as external dependency cce:/internal/x/cc-fu/primitive.
22:08:52 debug: Resolve cce:/internal/x/cc-fu/profiler from cce:/internal/x/cc as external dependency cce:/internal/x/cc-fu/profiler.
22:08:52 debug: Resolve cce:/internal/x/cc-fu/skeletal-animation from cce:/internal/x/cc as external dependency cce:/internal/x/cc-fu/skeletal-animation.
22:08:52 debug: Resolve cce:/internal/x/cc-fu/spine from cce:/internal/x/cc as external dependency cce:/internal/x/cc-fu/spine.
22:08:52 debug: Resolve cce:/internal/x/cc-fu/terrain from cce:/internal/x/cc as external dependency cce:/internal/x/cc-fu/terrain.
22:08:52 debug: Resolve cce:/internal/x/cc-fu/tiled-map from cce:/internal/x/cc as external dependency cce:/internal/x/cc-fu/tiled-map.
22:08:52 debug: Resolve cce:/internal/x/cc-fu/tween from cce:/internal/x/cc as external dependency cce:/internal/x/cc-fu/tween.
22:08:52 debug: Resolve cce:/internal/x/cc-fu/ui from cce:/internal/x/cc as external dependency cce:/internal/x/cc-fu/ui.
22:08:52 debug: Resolve cce:/internal/x/cc-fu/video from cce:/internal/x/cc as external dependency cce:/internal/x/cc-fu/video.
22:08:52 debug: Resolve cce:/internal/x/cc-fu/webview from cce:/internal/x/cc as external dependency cce:/internal/x/cc-fu/webview.
22:08:52 debug: Inspect cce:/internal/x/prerequisite-imports
22:08:52 debug: Resolve file:///C:/ProgramData/cocos/editors/Creator/3.8.4/resources/resources/3d/engine/editor/assets/default_renderpipeline/builtin-pipeline-settings.ts from cce:/internal/x/prerequisite-imports as file:///C:/ProgramData/cocos/editors/Creator/3.8.4/resources/resources/3d/engine/editor/assets/default_renderpipeline/builtin-pipeline-settings.ts.
22:08:52 debug: Inspect file:///C:/ProgramData/cocos/editors/Creator/3.8.4/resources/resources/3d/engine/editor/assets/default_renderpipeline/builtin-pipeline-settings.ts
22:08:53 debug: Resolve cce:/internal/code-quality/cr.mjs from file:///C:/ProgramData/cocos/editors/Creator/3.8.4/resources/resources/3d/engine/editor/assets/default_renderpipeline/builtin-pipeline-settings.ts as cce:/internal/code-quality/cr.mjs.
22:08:53 debug: Inspect cce:/internal/code-quality/cr.mjs
22:08:53 debug: Resolve cc from file:///C:/ProgramData/cocos/editors/Creator/3.8.4/resources/resources/3d/engine/editor/assets/default_renderpipeline/builtin-pipeline-settings.ts as cce:/internal/x/cc.
22:08:53 debug: Resolve cc from file:///C:/ProgramData/cocos/editors/Creator/3.8.4/resources/resources/3d/engine/editor/assets/default_renderpipeline/builtin-pipeline-settings.ts as cce:/internal/x/cc.
22:08:53 debug: Resolve cc from file:///C:/ProgramData/cocos/editors/Creator/3.8.4/resources/resources/3d/engine/editor/assets/default_renderpipeline/builtin-pipeline-settings.ts as cce:/internal/x/cc.
22:08:53 debug: Resolve cc/env from file:///C:/ProgramData/cocos/editors/Creator/3.8.4/resources/resources/3d/engine/editor/assets/default_renderpipeline/builtin-pipeline-settings.ts as external dependency cc/env.
22:08:53 debug: Resolve ./builtin-pipeline-types from file:///C:/ProgramData/cocos/editors/Creator/3.8.4/resources/resources/3d/engine/editor/assets/default_renderpipeline/builtin-pipeline-settings.ts as file:///C:/ProgramData/cocos/editors/Creator/3.8.4/resources/resources/3d/engine/editor/assets/default_renderpipeline/builtin-pipeline-types.ts.
22:08:53 debug: Inspect file:///C:/ProgramData/cocos/editors/Creator/3.8.4/resources/resources/3d/engine/editor/assets/default_renderpipeline/builtin-pipeline-types.ts
22:08:53 debug: Resolve cc from file:///C:/ProgramData/cocos/editors/Creator/3.8.4/resources/resources/3d/engine/editor/assets/default_renderpipeline/builtin-pipeline-types.ts as cce:/internal/x/cc.
22:08:53 debug: Resolve cc from file:///C:/ProgramData/cocos/editors/Creator/3.8.4/resources/resources/3d/engine/editor/assets/default_renderpipeline/builtin-pipeline-types.ts as cce:/internal/x/cc.
22:08:53 debug: Resolve cc from file:///C:/ProgramData/cocos/editors/Creator/3.8.4/resources/resources/3d/engine/editor/assets/default_renderpipeline/builtin-pipeline-types.ts as cce:/internal/x/cc.
22:08:53 debug: Resolve file:///C:/ProgramData/cocos/editors/Creator/3.8.4/resources/resources/3d/engine/editor/assets/default_renderpipeline/builtin-pipeline-types.ts from cce:/internal/x/prerequisite-imports as file:///C:/ProgramData/cocos/editors/Creator/3.8.4/resources/resources/3d/engine/editor/assets/default_renderpipeline/builtin-pipeline-types.ts.
22:08:53 debug: Resolve file:///C:/ProgramData/cocos/editors/Creator/3.8.4/resources/resources/3d/engine/editor/assets/default_renderpipeline/builtin-pipeline.ts from cce:/internal/x/prerequisite-imports as file:///C:/ProgramData/cocos/editors/Creator/3.8.4/resources/resources/3d/engine/editor/assets/default_renderpipeline/builtin-pipeline.ts.
22:08:53 debug: Inspect file:///C:/ProgramData/cocos/editors/Creator/3.8.4/resources/resources/3d/engine/editor/assets/default_renderpipeline/builtin-pipeline.ts
22:08:53 debug: Resolve cce:/internal/code-quality/cr.mjs from file:///C:/ProgramData/cocos/editors/Creator/3.8.4/resources/resources/3d/engine/editor/assets/default_renderpipeline/builtin-pipeline.ts as cce:/internal/code-quality/cr.mjs.
22:08:53 debug: Resolve cc from file:///C:/ProgramData/cocos/editors/Creator/3.8.4/resources/resources/3d/engine/editor/assets/default_renderpipeline/builtin-pipeline.ts as cce:/internal/x/cc.
22:08:53 debug: Resolve cc from file:///C:/ProgramData/cocos/editors/Creator/3.8.4/resources/resources/3d/engine/editor/assets/default_renderpipeline/builtin-pipeline.ts as cce:/internal/x/cc.
22:08:53 debug: Resolve cc/env from file:///C:/ProgramData/cocos/editors/Creator/3.8.4/resources/resources/3d/engine/editor/assets/default_renderpipeline/builtin-pipeline.ts as external dependency cc/env.
22:08:53 debug: Resolve cc from file:///C:/ProgramData/cocos/editors/Creator/3.8.4/resources/resources/3d/engine/editor/assets/default_renderpipeline/builtin-pipeline.ts as cce:/internal/x/cc.
22:08:53 debug: Resolve ./builtin-pipeline-types from file:///C:/ProgramData/cocos/editors/Creator/3.8.4/resources/resources/3d/engine/editor/assets/default_renderpipeline/builtin-pipeline.ts as file:///C:/ProgramData/cocos/editors/Creator/3.8.4/resources/resources/3d/engine/editor/assets/default_renderpipeline/builtin-pipeline-types.ts.
22:08:53 debug: Resolve file:///C:/ProgramData/cocos/editors/Creator/3.8.4/resources/resources/3d/engine/editor/assets/tools/debug-view-runtime-control.ts from cce:/internal/x/prerequisite-imports as file:///C:/ProgramData/cocos/editors/Creator/3.8.4/resources/resources/3d/engine/editor/assets/tools/debug-view-runtime-control.ts.
22:08:53 debug: Inspect file:///C:/ProgramData/cocos/editors/Creator/3.8.4/resources/resources/3d/engine/editor/assets/tools/debug-view-runtime-control.ts
22:08:53 debug: Resolve cc from file:///C:/ProgramData/cocos/editors/Creator/3.8.4/resources/resources/3d/engine/editor/assets/tools/debug-view-runtime-control.ts as cce:/internal/x/cc.
22:08:53 debug: Resolve cc from file:///C:/ProgramData/cocos/editors/Creator/3.8.4/resources/resources/3d/engine/editor/assets/tools/debug-view-runtime-control.ts as cce:/internal/x/cc.
22:08:53 debug: Resolve cc from file:///C:/ProgramData/cocos/editors/Creator/3.8.4/resources/resources/3d/engine/editor/assets/tools/debug-view-runtime-control.ts as cce:/internal/x/cc.
22:08:53 debug: Resolve file:///E:/skynet_game_server/skynet_black/client/assets/scripts/GameApp.ts from cce:/internal/x/prerequisite-imports as file:///E:/skynet_game_server/skynet_black/client/assets/scripts/GameApp.ts.
22:08:53 debug: Inspect file:///E:/skynet_game_server/skynet_black/client/assets/scripts/GameApp.ts
22:08:53 debug: Resolve cce:/internal/code-quality/cr.mjs from file:///E:/skynet_game_server/skynet_black/client/assets/scripts/GameApp.ts as cce:/internal/code-quality/cr.mjs.
22:08:53 debug: Resolve cc from file:///E:/skynet_game_server/skynet_black/client/assets/scripts/GameApp.ts as cce:/internal/x/cc.
22:08:53 debug: Resolve cc from file:///E:/skynet_game_server/skynet_black/client/assets/scripts/GameApp.ts as cce:/internal/x/cc.
22:08:53 debug: Resolve cc from file:///E:/skynet_game_server/skynet_black/client/assets/scripts/GameApp.ts as cce:/internal/x/cc.
22:08:53 debug: Resolve ./network/NetworkManager from file:///E:/skynet_game_server/skynet_black/client/assets/scripts/GameApp.ts as file:///E:/skynet_game_server/skynet_black/client/assets/scripts/network/NetworkManager.ts.
22:08:53 debug: Inspect file:///E:/skynet_game_server/skynet_black/client/assets/scripts/network/NetworkManager.ts
22:08:53 debug: Resolve cce:/internal/code-quality/cr.mjs from file:///E:/skynet_game_server/skynet_black/client/assets/scripts/network/NetworkManager.ts as cce:/internal/code-quality/cr.mjs.
22:08:53 debug: Resolve cc from file:///E:/skynet_game_server/skynet_black/client/assets/scripts/network/NetworkManager.ts as cce:/internal/x/cc.
22:08:53 debug: Resolve cc from file:///E:/skynet_game_server/skynet_black/client/assets/scripts/network/NetworkManager.ts as cce:/internal/x/cc.
22:08:53 debug: Resolve cc from file:///E:/skynet_game_server/skynet_black/client/assets/scripts/network/NetworkManager.ts as cce:/internal/x/cc.
22:08:53 debug: Failed to resolve '../protocol/ProtocolManager' from 'file:///E:/skynet_game_server/skynet_black/client/assets/scripts/network/NetworkManager.ts'(module type: esm). Reason: Error: 以 file:///E:/skynet_game_server/skynet_black/client/assets/scripts/network/NetworkManager.ts 为起点找不到模块 "../protocol/ProtocolManager"
22:08:53 debug: Resolve ../managers/EventManager from file:///E:/skynet_game_server/skynet_black/client/assets/scripts/network/NetworkManager.ts as file:///E:/skynet_game_server/skynet_black/client/assets/scripts/managers/EventManager.ts.
22:08:53 debug: Inspect file:///E:/skynet_game_server/skynet_black/client/assets/scripts/managers/EventManager.ts
22:08:53 debug: Resolve cc from file:///E:/skynet_game_server/skynet_black/client/assets/scripts/managers/EventManager.ts as cce:/internal/x/cc.
22:08:53 debug: Resolve cc from file:///E:/skynet_game_server/skynet_black/client/assets/scripts/managers/EventManager.ts as cce:/internal/x/cc.
22:08:53 debug: Resolve cc from file:///E:/skynet_game_server/skynet_black/client/assets/scripts/managers/EventManager.ts as cce:/internal/x/cc.
22:08:53 debug: Resolve ./managers/EventManager from file:///E:/skynet_game_server/skynet_black/client/assets/scripts/GameApp.ts as file:///E:/skynet_game_server/skynet_black/client/assets/scripts/managers/EventManager.ts.
22:08:53 debug: Resolve ./managers/GameDataManager from file:///E:/skynet_game_server/skynet_black/client/assets/scripts/GameApp.ts as file:///E:/skynet_game_server/skynet_black/client/assets/scripts/managers/GameDataManager.ts.
22:08:53 debug: Inspect file:///E:/skynet_game_server/skynet_black/client/assets/scripts/managers/GameDataManager.ts
22:08:53 debug: Resolve cce:/internal/code-quality/cr.mjs from file:///E:/skynet_game_server/skynet_black/client/assets/scripts/managers/GameDataManager.ts as cce:/internal/code-quality/cr.mjs.
22:08:53 debug: Resolve cc from file:///E:/skynet_game_server/skynet_black/client/assets/scripts/managers/GameDataManager.ts as cce:/internal/x/cc.
22:08:53 debug: Resolve cc from file:///E:/skynet_game_server/skynet_black/client/assets/scripts/managers/GameDataManager.ts as cce:/internal/x/cc.
22:08:53 debug: Resolve cc from file:///E:/skynet_game_server/skynet_black/client/assets/scripts/managers/GameDataManager.ts as cce:/internal/x/cc.
22:08:53 debug: Resolve ./EventManager from file:///E:/skynet_game_server/skynet_black/client/assets/scripts/managers/GameDataManager.ts as file:///E:/skynet_game_server/skynet_black/client/assets/scripts/managers/EventManager.ts.
22:08:53 debug: Resolve ./managers/SceneManager from file:///E:/skynet_game_server/skynet_black/client/assets/scripts/GameApp.ts as file:///E:/skynet_game_server/skynet_black/client/assets/scripts/managers/SceneManager.ts.
22:08:53 debug: Inspect file:///E:/skynet_game_server/skynet_black/client/assets/scripts/managers/SceneManager.ts
22:08:53 debug: Resolve cce:/internal/code-quality/cr.mjs from file:///E:/skynet_game_server/skynet_black/client/assets/scripts/managers/SceneManager.ts as cce:/internal/code-quality/cr.mjs.
22:08:53 debug: Resolve cc from file:///E:/skynet_game_server/skynet_black/client/assets/scripts/managers/SceneManager.ts as cce:/internal/x/cc.
22:08:53 debug: Resolve cc from file:///E:/skynet_game_server/skynet_black/client/assets/scripts/managers/SceneManager.ts as cce:/internal/x/cc.
22:08:53 debug: Resolve cc from file:///E:/skynet_game_server/skynet_black/client/assets/scripts/managers/SceneManager.ts as cce:/internal/x/cc.
22:08:53 debug: Resolve ./EventManager from file:///E:/skynet_game_server/skynet_black/client/assets/scripts/managers/SceneManager.ts as file:///E:/skynet_game_server/skynet_black/client/assets/scripts/managers/EventManager.ts.
22:08:53 debug: Resolve file:///E:/skynet_game_server/skynet_black/client/assets/scripts/managers/EventManager.ts from cce:/internal/x/prerequisite-imports as file:///E:/skynet_game_server/skynet_black/client/assets/scripts/managers/EventManager.ts.
22:08:53 debug: Resolve file:///E:/skynet_game_server/skynet_black/client/assets/scripts/managers/GameDataManager.ts from cce:/internal/x/prerequisite-imports as file:///E:/skynet_game_server/skynet_black/client/assets/scripts/managers/GameDataManager.ts.
22:08:53 debug: Resolve file:///E:/skynet_game_server/skynet_black/client/assets/scripts/managers/SceneManager.ts from cce:/internal/x/prerequisite-imports as file:///E:/skynet_game_server/skynet_black/client/assets/scripts/managers/SceneManager.ts.
22:08:53 debug: Resolve file:///E:/skynet_game_server/skynet_black/client/assets/scripts/network/NetworkManager.ts from cce:/internal/x/prerequisite-imports as file:///E:/skynet_game_server/skynet_black/client/assets/scripts/network/NetworkManager.ts.
22:08:53 debug: Resolve file:///E:/skynet_game_server/skynet_black/client/assets/scripts/scenes/GameScene.ts from cce:/internal/x/prerequisite-imports as file:///E:/skynet_game_server/skynet_black/client/assets/scripts/scenes/GameScene.ts.
22:08:53 debug: Inspect file:///E:/skynet_game_server/skynet_black/client/assets/scripts/scenes/GameScene.ts
22:08:54 debug: Resolve cce:/internal/code-quality/cr.mjs from file:///E:/skynet_game_server/skynet_black/client/assets/scripts/scenes/GameScene.ts as cce:/internal/code-quality/cr.mjs.
22:08:54 debug: Resolve cc from file:///E:/skynet_game_server/skynet_black/client/assets/scripts/scenes/GameScene.ts as cce:/internal/x/cc.
22:08:54 debug: Resolve cc from file:///E:/skynet_game_server/skynet_black/client/assets/scripts/scenes/GameScene.ts as cce:/internal/x/cc.
22:08:54 debug: Resolve cc from file:///E:/skynet_game_server/skynet_black/client/assets/scripts/scenes/GameScene.ts as cce:/internal/x/cc.
22:08:54 debug: Resolve ../network/NetworkManager from file:///E:/skynet_game_server/skynet_black/client/assets/scripts/scenes/GameScene.ts as file:///E:/skynet_game_server/skynet_black/client/assets/scripts/network/NetworkManager.ts.
22:08:54 debug: Failed to resolve '../protocol/ProtocolManager' from 'file:///E:/skynet_game_server/skynet_black/client/assets/scripts/scenes/GameScene.ts'(module type: esm). Reason: Error: 以 file:///E:/skynet_game_server/skynet_black/client/assets/scripts/scenes/GameScene.ts 为起点找不到模块 "../protocol/ProtocolManager"
22:08:54 debug: Resolve ../managers/EventManager from file:///E:/skynet_game_server/skynet_black/client/assets/scripts/scenes/GameScene.ts as file:///E:/skynet_game_server/skynet_black/client/assets/scripts/managers/EventManager.ts.
22:08:54 debug: Resolve ../managers/GameDataManager from file:///E:/skynet_game_server/skynet_black/client/assets/scripts/scenes/GameScene.ts as file:///E:/skynet_game_server/skynet_black/client/assets/scripts/managers/GameDataManager.ts.
22:08:54 debug: Resolve ../managers/SceneManager from file:///E:/skynet_game_server/skynet_black/client/assets/scripts/scenes/GameScene.ts as file:///E:/skynet_game_server/skynet_black/client/assets/scripts/managers/SceneManager.ts.
22:08:54 debug: Resolve file:///E:/skynet_game_server/skynet_black/client/assets/scripts/scenes/LoginScene.ts from cce:/internal/x/prerequisite-imports as file:///E:/skynet_game_server/skynet_black/client/assets/scripts/scenes/LoginScene.ts.
22:08:54 debug: Inspect file:///E:/skynet_game_server/skynet_black/client/assets/scripts/scenes/LoginScene.ts
22:08:54 debug: Resolve cce:/internal/code-quality/cr.mjs from file:///E:/skynet_game_server/skynet_black/client/assets/scripts/scenes/LoginScene.ts as cce:/internal/code-quality/cr.mjs.
22:08:54 debug: Resolve cc from file:///E:/skynet_game_server/skynet_black/client/assets/scripts/scenes/LoginScene.ts as cce:/internal/x/cc.
22:08:54 debug: Resolve cc from file:///E:/skynet_game_server/skynet_black/client/assets/scripts/scenes/LoginScene.ts as cce:/internal/x/cc.
22:08:54 debug: Resolve cc from file:///E:/skynet_game_server/skynet_black/client/assets/scripts/scenes/LoginScene.ts as cce:/internal/x/cc.
22:08:54 debug: Resolve ../network/NetworkManager from file:///E:/skynet_game_server/skynet_black/client/assets/scripts/scenes/LoginScene.ts as file:///E:/skynet_game_server/skynet_black/client/assets/scripts/network/NetworkManager.ts.
22:08:54 debug: Failed to resolve '../protocol/ProtocolManager' from 'file:///E:/skynet_game_server/skynet_black/client/assets/scripts/scenes/LoginScene.ts'(module type: esm). Reason: Error: 以 file:///E:/skynet_game_server/skynet_black/client/assets/scripts/scenes/LoginScene.ts 为起点找不到模块 "../protocol/ProtocolManager"
22:08:54 debug: Resolve ../managers/EventManager from file:///E:/skynet_game_server/skynet_black/client/assets/scripts/scenes/LoginScene.ts as file:///E:/skynet_game_server/skynet_black/client/assets/scripts/managers/EventManager.ts.
22:08:54 debug: Resolve ../managers/GameDataManager from file:///E:/skynet_game_server/skynet_black/client/assets/scripts/scenes/LoginScene.ts as file:///E:/skynet_game_server/skynet_black/client/assets/scripts/managers/GameDataManager.ts.
22:08:54 debug: Resolve ../managers/SceneManager from file:///E:/skynet_game_server/skynet_black/client/assets/scripts/scenes/LoginScene.ts as file:///E:/skynet_game_server/skynet_black/client/assets/scripts/managers/SceneManager.ts.
22:08:54 debug: Resolve file:///E:/skynet_game_server/skynet_black/client/assets/scripts/ui/UIManager.ts from cce:/internal/x/prerequisite-imports as file:///E:/skynet_game_server/skynet_black/client/assets/scripts/ui/UIManager.ts.
22:08:54 debug: Inspect file:///E:/skynet_game_server/skynet_black/client/assets/scripts/ui/UIManager.ts
22:08:54 debug: Resolve cce:/internal/code-quality/cr.mjs from file:///E:/skynet_game_server/skynet_black/client/assets/scripts/ui/UIManager.ts as cce:/internal/code-quality/cr.mjs.
22:08:54 debug: Resolve cc from file:///E:/skynet_game_server/skynet_black/client/assets/scripts/ui/UIManager.ts as cce:/internal/x/cc.
22:08:54 debug: Resolve cc from file:///E:/skynet_game_server/skynet_black/client/assets/scripts/ui/UIManager.ts as cce:/internal/x/cc.
22:08:54 debug: Resolve cc from file:///E:/skynet_game_server/skynet_black/client/assets/scripts/ui/UIManager.ts as cce:/internal/x/cc.
22:08:54 debug: Resolve ../managers/EventManager from file:///E:/skynet_game_server/skynet_black/client/assets/scripts/ui/UIManager.ts as file:///E:/skynet_game_server/skynet_black/client/assets/scripts/managers/EventManager.ts.
22:08:54 debug: Target(preview) ends with cost 1425.0710999998264ms.
22:08:55 debug: Pulling asset-db.
22:08:56 debug: Fetch asset-db cost: 514.4773000001442ms.
22:08:56 debug: Build iteration starts.
Number of accumulated asset changes: 12
Feature changed: false
22:08:56 debug: Target(editor) build started.
22:08:56 debug: Detected change: cce:/internal/x/prerequisite-imports. Last mtime: Thu Jan 01 1970 08:00:17 GMT+0800 (中国标准时间), Current mtime: Thu Jan 01 1970 08:00:22 GMT+0800 (中国标准时间)
22:08:56 debug: Inspect cce:/internal/x/prerequisite-imports
22:08:56 debug: Resolve file:///C:/ProgramData/cocos/editors/Creator/3.8.4/resources/resources/3d/engine/editor/assets/default_renderpipeline/builtin-pipeline-settings.ts from cce:/internal/x/prerequisite-imports as file:///C:/ProgramData/cocos/editors/Creator/3.8.4/resources/resources/3d/engine/editor/assets/default_renderpipeline/builtin-pipeline-settings.ts.
22:08:56 debug: Resolve file:///C:/ProgramData/cocos/editors/Creator/3.8.4/resources/resources/3d/engine/editor/assets/default_renderpipeline/builtin-pipeline-types.ts from cce:/internal/x/prerequisite-imports as file:///C:/ProgramData/cocos/editors/Creator/3.8.4/resources/resources/3d/engine/editor/assets/default_renderpipeline/builtin-pipeline-types.ts.
22:08:56 debug: Resolve file:///C:/ProgramData/cocos/editors/Creator/3.8.4/resources/resources/3d/engine/editor/assets/default_renderpipeline/builtin-pipeline.ts from cce:/internal/x/prerequisite-imports as file:///C:/ProgramData/cocos/editors/Creator/3.8.4/resources/resources/3d/engine/editor/assets/default_renderpipeline/builtin-pipeline.ts.
22:08:56 debug: Resolve file:///C:/ProgramData/cocos/editors/Creator/3.8.4/resources/resources/3d/engine/editor/assets/tools/debug-view-runtime-control.ts from cce:/internal/x/prerequisite-imports as file:///C:/ProgramData/cocos/editors/Creator/3.8.4/resources/resources/3d/engine/editor/assets/tools/debug-view-runtime-control.ts.
22:08:56 debug: Resolve file:///E:/skynet_game_server/skynet_black/client/assets/scripts/GameApp.ts from cce:/internal/x/prerequisite-imports as file:///E:/skynet_game_server/skynet_black/client/assets/scripts/GameApp.ts.
22:08:56 debug: Resolve file:///E:/skynet_game_server/skynet_black/client/assets/scripts/managers/EventManager.ts from cce:/internal/x/prerequisite-imports as file:///E:/skynet_game_server/skynet_black/client/assets/scripts/managers/EventManager.ts.
22:08:56 debug: Resolve file:///E:/skynet_game_server/skynet_black/client/assets/scripts/managers/GameDataManager.ts from cce:/internal/x/prerequisite-imports as file:///E:/skynet_game_server/skynet_black/client/assets/scripts/managers/GameDataManager.ts.
22:08:56 debug: Resolve file:///E:/skynet_game_server/skynet_black/client/assets/scripts/managers/SceneManager.ts from cce:/internal/x/prerequisite-imports as file:///E:/skynet_game_server/skynet_black/client/assets/scripts/managers/SceneManager.ts.
22:08:56 debug: Resolve file:///E:/skynet_game_server/skynet_black/client/assets/scripts/network/NetworkManager.ts from cce:/internal/x/prerequisite-imports as file:///E:/skynet_game_server/skynet_black/client/assets/scripts/network/NetworkManager.ts.
22:08:56 debug: Resolve file:///E:/skynet_game_server/skynet_black/client/assets/scripts/scenes/GameScene.ts from cce:/internal/x/prerequisite-imports as file:///E:/skynet_game_server/skynet_black/client/assets/scripts/scenes/GameScene.ts.
22:08:56 debug: Resolve file:///E:/skynet_game_server/skynet_black/client/assets/scripts/scenes/LoginScene.ts from cce:/internal/x/prerequisite-imports as file:///E:/skynet_game_server/skynet_black/client/assets/scripts/scenes/LoginScene.ts.
22:08:56 debug: Resolve file:///E:/skynet_game_server/skynet_black/client/assets/scripts/ui/UIManager.ts from cce:/internal/x/prerequisite-imports as file:///E:/skynet_game_server/skynet_black/client/assets/scripts/ui/UIManager.ts.
22:08:56 debug: Target(editor) ends with cost 81.22940000006929ms.
22:08:56 debug: Target(preview) build started.
22:08:56 debug: Detected change: cce:/internal/x/prerequisite-imports. Last mtime: Thu Jan 01 1970 08:00:18 GMT+0800 (中国标准时间), Current mtime: Thu Jan 01 1970 08:00:22 GMT+0800 (中国标准时间)
22:08:56 debug: Inspect cce:/internal/x/prerequisite-imports
22:08:56 debug: Resolve file:///C:/ProgramData/cocos/editors/Creator/3.8.4/resources/resources/3d/engine/editor/assets/default_renderpipeline/builtin-pipeline-settings.ts from cce:/internal/x/prerequisite-imports as file:///C:/ProgramData/cocos/editors/Creator/3.8.4/resources/resources/3d/engine/editor/assets/default_renderpipeline/builtin-pipeline-settings.ts.
22:08:56 debug: Resolve file:///C:/ProgramData/cocos/editors/Creator/3.8.4/resources/resources/3d/engine/editor/assets/default_renderpipeline/builtin-pipeline-types.ts from cce:/internal/x/prerequisite-imports as file:///C:/ProgramData/cocos/editors/Creator/3.8.4/resources/resources/3d/engine/editor/assets/default_renderpipeline/builtin-pipeline-types.ts.
22:08:56 debug: Resolve file:///C:/ProgramData/cocos/editors/Creator/3.8.4/resources/resources/3d/engine/editor/assets/default_renderpipeline/builtin-pipeline.ts from cce:/internal/x/prerequisite-imports as file:///C:/ProgramData/cocos/editors/Creator/3.8.4/resources/resources/3d/engine/editor/assets/default_renderpipeline/builtin-pipeline.ts.
22:08:56 debug: Resolve file:///C:/ProgramData/cocos/editors/Creator/3.8.4/resources/resources/3d/engine/editor/assets/tools/debug-view-runtime-control.ts from cce:/internal/x/prerequisite-imports as file:///C:/ProgramData/cocos/editors/Creator/3.8.4/resources/resources/3d/engine/editor/assets/tools/debug-view-runtime-control.ts.
22:08:56 debug: Resolve file:///E:/skynet_game_server/skynet_black/client/assets/scripts/GameApp.ts from cce:/internal/x/prerequisite-imports as file:///E:/skynet_game_server/skynet_black/client/assets/scripts/GameApp.ts.
22:08:56 debug: Resolve file:///E:/skynet_game_server/skynet_black/client/assets/scripts/managers/EventManager.ts from cce:/internal/x/prerequisite-imports as file:///E:/skynet_game_server/skynet_black/client/assets/scripts/managers/EventManager.ts.
22:08:56 debug: Resolve file:///E:/skynet_game_server/skynet_black/client/assets/scripts/managers/GameDataManager.ts from cce:/internal/x/prerequisite-imports as file:///E:/skynet_game_server/skynet_black/client/assets/scripts/managers/GameDataManager.ts.
22:08:56 debug: Resolve file:///E:/skynet_game_server/skynet_black/client/assets/scripts/managers/SceneManager.ts from cce:/internal/x/prerequisite-imports as file:///E:/skynet_game_server/skynet_black/client/assets/scripts/managers/SceneManager.ts.
22:08:56 debug: Resolve file:///E:/skynet_game_server/skynet_black/client/assets/scripts/network/NetworkManager.ts from cce:/internal/x/prerequisite-imports as file:///E:/skynet_game_server/skynet_black/client/assets/scripts/network/NetworkManager.ts.
22:08:56 debug: Resolve file:///E:/skynet_game_server/skynet_black/client/assets/scripts/scenes/GameScene.ts from cce:/internal/x/prerequisite-imports as file:///E:/skynet_game_server/skynet_black/client/assets/scripts/scenes/GameScene.ts.
22:08:56 debug: Resolve file:///E:/skynet_game_server/skynet_black/client/assets/scripts/scenes/LoginScene.ts from cce:/internal/x/prerequisite-imports as file:///E:/skynet_game_server/skynet_black/client/assets/scripts/scenes/LoginScene.ts.
22:08:56 debug: Resolve file:///E:/skynet_game_server/skynet_black/client/assets/scripts/ui/UIManager.ts from cce:/internal/x/prerequisite-imports as file:///E:/skynet_game_server/skynet_black/client/assets/scripts/ui/UIManager.ts.
22:08:56 debug: Target(preview) ends with cost 62.27820000005886ms.
